Using pre-set license
Built from '2020.3/staging' branch; Version is '2020.3.14f1 (d0d1bb862f9d) revision 13685179'; Using compiler version '192528614'; Build Type 'Release'
OS: 'Windows 10 Education; OS build 19042.1237; Version 2009; 64bit' Language: 'en' Physical Memory: 16180 MB
BatchMode: 1, IsHumanControllingUs: 0, StartBugReporterOnCrash: 0, Is64bit: 1, IsPro: 0

 COMMAND LINE ARGUMENTS:
C:\Program Files\Unity\Editor\Unity.exe
-adb2
-batchMode
-noUpm
-name
AssetImportWorker0
-projectPath
C:/Users/W0456839/OneDrive - Nova Scotia Community College/Unity Projects/City_Pro_Builder_MK2
-logFile
Logs/AssetImportWorker0.log
-srvPort
52152
Successfully changed project path to: C:/Users/W0456839/OneDrive - Nova Scotia Community College/Unity Projects/City_Pro_Builder_MK2
C:/Users/W0456839/OneDrive - Nova Scotia Community College/Unity Projects/City_Pro_Builder_MK2
Using Asset Import Pipeline V2.
Refreshing native plugins compatible for Editor in 31.99 ms, found 2 plugins.
Preloading 0 native plugins for Editor in 0.00 ms.
Initialize engine version: 2020.3.14f1 (d0d1bb862f9d)
[Subsystems] Discovering subsystems at path C:/Program Files/Unity/Editor/Data/Resources/UnitySubsystems
[Subsystems] Discovering subsystems at path C:/Users/W0456839/OneDrive - Nova Scotia Community College/Unity Projects/City_Pro_Builder_MK2/Assets
GfxDevice: creating device client; threaded=0
Direct3D:
    Version:  Direct3D 11.0 [level 11.0]
    Renderer: NVIDIA Quadro K2200 (ID=0x13ba)
    Vendor:   
    VRAM:     4053 MB
    Driver:   27.21.14.6192
Initialize mono
Mono path[0] = 'C:/Program Files/Unity/Editor/Data/Managed'
Mono path[1] = 'C:/Program Files/Unity/Editor/Data/MonoBleedingEdge/lib/mono/unityjit'
Mono config path = 'C:/Program Files/Unity/Editor/Data/MonoBleedingEdge/etc'
Using monoOptions --debugger-agent=transport=dt_socket,embedding=1,server=y,suspend=n,address=127.0.0.1:56732
Begin MonoManager ReloadAssembly
Registering precompiled unity dll's ...
Register platform support module: C:/Program Files/Unity/Editor/Data/PlaybackEngines/WindowsStandaloneSupport/UnityEditor.WindowsStandalone.Extensions.dll
Registered in 0.001988 seconds.
Native extension for WindowsStandalone target not found
Refreshing native plugins compatible for Editor in 29.27 ms, found 2 plugins.
Preloading 0 native plugins for Editor in 0.00 ms.
Mono: successfully reloaded assembly
- Completed reload, in  1.160 seconds
Domain Reload Profiling:
	ReloadAssembly (1161ms)
		BeginReloadAssembly (54ms)
			ExecutionOrderSort (0ms)
			DisableScriptedObjects (0ms)
			BackupInstance (0ms)
			ReleaseScriptingObjects (0ms)
			CreateAndSetChildDomain (1ms)
		EndReloadAssembly (380ms)
			LoadAssemblies (52ms)
			RebuildTransferFunctionScriptingTraits (0ms)
			SetupTypeCache (139ms)
			ReleaseScriptCaches (0ms)
			RebuildScriptCaches (29ms)
			SetupLoadedEditorAssemblies (148ms)
				LogAssemblyErrors (0ms)
				InitializePlatformSupportModulesInManaged (4ms)
				SetLoadedEditorAssemblies (0ms)
				RefreshPlugins (29ms)
				BeforeProcessingInitializeOnLoad (6ms)
				ProcessInitializeOnLoadAttributes (77ms)
				ProcessInitializeOnLoadMethodAttributes (31ms)
				AfterProcessingInitializeOnLoad (0ms)
				EditorAssembliesLoaded (0ms)
			ExecutionOrderSort2 (0ms)
			AwakeInstancesAfterBackupRestoration (0ms)
Platform modules already initialized, skipping
Registering precompiled user dll's ...
Registered in 0.005114 seconds.
Begin MonoManager ReloadAssembly
Native extension for WindowsStandalone target not found
Refreshing native plugins compatible for Editor in 0.36 ms, found 2 plugins.
Preloading 0 native plugins for Editor in 0.00 ms.
Mono: successfully reloaded assembly
- Completed reload, in  1.009 seconds
Domain Reload Profiling:
	ReloadAssembly (1009ms)
		BeginReloadAssembly (138ms)
			ExecutionOrderSort (0ms)
			DisableScriptedObjects (4ms)
			BackupInstance (0ms)
			ReleaseScriptingObjects (0ms)
			CreateAndSetChildDomain (18ms)
		EndReloadAssembly (811ms)
			LoadAssemblies (85ms)
			RebuildTransferFunctionScriptingTraits (0ms)
			SetupTypeCache (272ms)
			ReleaseScriptCaches (0ms)
			RebuildScriptCaches (41ms)
			SetupLoadedEditorAssemblies (323ms)
				LogAssemblyErrors (0ms)
				InitializePlatformSupportModulesInManaged (5ms)
				SetLoadedEditorAssemblies (0ms)
				RefreshPlugins (0ms)
				BeforeProcessingInitializeOnLoad (74ms)
				ProcessInitializeOnLoadAttributes (232ms)
				ProcessInitializeOnLoadMethodAttributes (5ms)
				AfterProcessingInitializeOnLoad (7ms)
				EditorAssembliesLoaded (0ms)
			ExecutionOrderSort2 (0ms)
			AwakeInstancesAfterBackupRestoration (6ms)
Platform modules already initialized, skipping
========================================================================
Worker process is ready to serve import requests
Launched and connected shader compiler UnityShaderCompiler.exe after 0.04 seconds
Refreshing native plugins compatible for Editor in 0.35 ms, found 2 plugins.
Preloading 0 native plugins for Editor in 0.00 ms.
Unloading 1780 Unused Serialized files (Serialized files now loaded: 0)
System memory in use before: 82.4 MB.
System memory in use after: 82.5 MB.

Unloading 19 unused Assets to reduce memory usage. Loaded Objects now: 2217.
Total: 2.165200 ms (FindLiveObjects: 0.151800 ms CreateObjectMapping: 0.052500 ms MarkObjects: 1.867900 ms  DeleteObjects: 0.091900 ms)

AssetImportParameters requested are different than current active one (requested -> active):
  custom:framework-win-MediaFoundation: 216162199b28c13a410421893ffa2e32 -> 
  custom:video-decoder-ogg-theora: a1e56fd34408186e4bbccfd4996cb3dc -> 
  custom:container-muxer-webm: aa71ff27fc2769a1b78a27578f13a17b -> 
  custom:container-demuxer-webm: 4f35f7cbe854078d1ac9338744f61a02 -> 
  custom:container-demuxer-ogg: 62fdf1f143b41e24485cea50d1cbac27 -> 
  custom:video-encoder-webm-vp8: eb34c28f22e8b96e1ab97ce403110664 -> 
  custom:video-decoder-webm-vp8: 9c59270c3fd7afecdb556c50c9e8de78 -> 
  custom:audio-decoder-ogg-vorbis: bf7c407c2cedff20999df2af8eb42d56 -> 
  custom:audio-encoder-webm-vorbis: bf7c407c2cedff20999df2af8eb42d56 -> 
========================================================================
Received Import Request.
  path: Assets
  artifactKey: Guid(00000000000000001000000000000000) Importer(815301076,1909f56bfc062723c751e8b465ee728b)
Start importing Assets using Guid(00000000000000001000000000000000) Importer(815301076,1909f56bfc062723c751e8b465ee728b)  -> (artifact id: '42d402b061de3733987d63b9cc3b64de') in 0.008081 seconds 
  Import took 0.011118 seconds .

========================================================================
Received Import Request.
  Time since last request: 3.065822 seconds.
  path: Assets/New Material.mat
  artifactKey: Guid(2129ec3bee2465247ad422010184ae3e) Importer(815301076,1909f56bfc062723c751e8b465ee728b)
Start importing Assets/New Material.mat using Guid(2129ec3bee2465247ad422010184ae3e) Importer(815301076,1909f56bfc062723c751e8b465ee728b)  -> (artifact id: '1a63bd4fae32c7c737bdc1d323f91f63') in 0.117215 seconds 
  Import took 0.120358 seconds .

========================================================================
Received Import Request.
  Time since last request: 310.442219 seconds.
  path: Assets/New Material 1.mat
  artifactKey: Guid(350ca24323afbda4187d9fb8e6e1ffd7) Importer(815301076,1909f56bfc062723c751e8b465ee728b)
Start importing Assets/New Material 1.mat using Guid(350ca24323afbda4187d9fb8e6e1ffd7) Importer(815301076,1909f56bfc062723c751e8b465ee728b)  -> (artifact id: 'c46f502bb7c0dfdddd456fde5bd200c3') in 0.022407 seconds 
  Import took 0.025714 seconds .

========================================================================
Received Import Request.
  Time since last request: 324.052415 seconds.
  path: Assets/New Material 2.mat
  artifactKey: Guid(d27c611eb5e66fc4fbdd105df8e96f63) Importer(815301076,1909f56bfc062723c751e8b465ee728b)
Start importing Assets/New Material 2.mat using Guid(d27c611eb5e66fc4fbdd105df8e96f63) Importer(815301076,1909f56bfc062723c751e8b465ee728b)  -> (artifact id: '54138f478222c7e279d5a607418e64bf') in 0.014205 seconds 
  Import took 0.017537 seconds .

========================================================================
Received Import Request.
  Time since last request: 101.900978 seconds.
  path: Assets/New Material 3.mat
  artifactKey: Guid(01dfd0b9bc5b2824d8d1c50bf0231b42) Importer(815301076,1909f56bfc062723c751e8b465ee728b)
Start importing Assets/New Material 3.mat using Guid(01dfd0b9bc5b2824d8d1c50bf0231b42) Importer(815301076,1909f56bfc062723c751e8b465ee728b)  -> (artifact id: '078ad36e6eb2e79a91014e787fddafcc') in 0.012353 seconds 
  Import took 0.015213 seconds .

========================================================================
Received Import Request.
  Time since last request: 46.475025 seconds.
  path: Assets/New Material 4.mat
  artifactKey: Guid(35c8435978b1ebd48b52f9dfd289ab6f) Importer(815301076,1909f56bfc062723c751e8b465ee728b)
Start importing Assets/New Material 4.mat using Guid(35c8435978b1ebd48b52f9dfd289ab6f) Importer(815301076,1909f56bfc062723c751e8b465ee728b)  -> (artifact id: '4ccac21507c2f068777b65a5f154bd19') in 0.011571 seconds 
  Import took 0.014474 seconds .

========================================================================
Received Import Request.
  Time since last request: 469.428552 seconds.
  path: Assets/New Material 5.mat
  artifactKey: Guid(413e8f7b9a0e7fd4fa090b52d2903e7a) Importer(815301076,1909f56bfc062723c751e8b465ee728b)
Start importing Assets/New Material 5.mat using Guid(413e8f7b9a0e7fd4fa090b52d2903e7a) Importer(815301076,1909f56bfc062723c751e8b465ee728b)  -> (artifact id: '9c1502ecad20ad76630d9e2d07c04d6c') in 0.012655 seconds 
  Import took 0.016061 seconds .

========================================================================
Received Import Request.
  Time since last request: 223.325286 seconds.
  path: Assets/New Material 6.mat
  artifactKey: Guid(0a83c02241f76344395815e574b8eb94) Importer(815301076,1909f56bfc062723c751e8b465ee728b)
Start importing Assets/New Material 6.mat using Guid(0a83c02241f76344395815e574b8eb94) Importer(815301076,1909f56bfc062723c751e8b465ee728b)  -> (artifact id: 'cfd24fe9c1f3617e874aa409ae6b6e03') in 0.012557 seconds 
  Import took 0.015751 seconds .

========================================================================
Received Import Request.
  Time since last request: 681.879736 seconds.
  path: Assets/New Material 7.mat
  artifactKey: Guid(1f45131f237679a408987999d0062d4b) Importer(815301076,1909f56bfc062723c751e8b465ee728b)
Start importing Assets/New Material 7.mat using Guid(1f45131f237679a408987999d0062d4b) Importer(815301076,1909f56bfc062723c751e8b465ee728b)  -> (artifact id: '8167039476a5616ac7b33e7dd00e5058') in 0.012546 seconds 
  Import took 0.015878 seconds .

========================================================================
Received Import Request.
  Time since last request: 126.472998 seconds.
  path: Assets/New Material 8.mat
  artifactKey: Guid(5d2a386be6c54094aa7ef0aaa3f58b22) Importer(815301076,1909f56bfc062723c751e8b465ee728b)
Start importing Assets/New Material 8.mat using Guid(5d2a386be6c54094aa7ef0aaa3f58b22) Importer(815301076,1909f56bfc062723c751e8b465ee728b)  -> (artifact id: 'a7abfad4df5f4413dea639d41580b0ff') in 0.012446 seconds 
  Import took 0.015435 seconds .

========================================================================
Received Import Request.
  Time since last request: 61.384855 seconds.
  path: Assets/New Material 9.mat
  artifactKey: Guid(f3f4161819d7a314facb39bf46fe5354) Importer(815301076,1909f56bfc062723c751e8b465ee728b)
Start importing Assets/New Material 9.mat using Guid(f3f4161819d7a314facb39bf46fe5354) Importer(815301076,1909f56bfc062723c751e8b465ee728b)  -> (artifact id: 'b7e2285e46afd82ae9373568842a9eae') in 0.011906 seconds 
  Import took 0.014851 seconds .

========================================================================
Received Import Request.
  Time since last request: 321.064852 seconds.
  path: Assets/New Material 1.mat
  artifactKey: Guid(350ca24323afbda4187d9fb8e6e1ffd7) Importer(815301076,1909f56bfc062723c751e8b465ee728b)
Start importing Assets/New Material 1.mat using Guid(350ca24323afbda4187d9fb8e6e1ffd7) Importer(815301076,1909f56bfc062723c751e8b465ee728b)  -> (artifact id: '52bb9df75b1c3dfc7946139a996ac2a8') in 0.015039 seconds 
  Import took 0.018458 seconds .

========================================================================
Received Import Request.
  Time since last request: 0.000212 seconds.
  path: Assets/New Material 6.mat
  artifactKey: Guid(0a83c02241f76344395815e574b8eb94) Importer(815301076,1909f56bfc062723c751e8b465ee728b)
Start importing Assets/New Material 6.mat using Guid(0a83c02241f76344395815e574b8eb94) Importer(815301076,1909f56bfc062723c751e8b465ee728b)  -> (artifact id: 'c3bc6ed8a526529c6dd2e36fb791fc4b') in 0.012051 seconds 
  Import took 0.015015 seconds .

========================================================================
Received Import Request.
  Time since last request: 0.000242 seconds.
  path: Assets/New Material 3.mat
  artifactKey: Guid(01dfd0b9bc5b2824d8d1c50bf0231b42) Importer(815301076,1909f56bfc062723c751e8b465ee728b)
Start importing Assets/New Material 3.mat using Guid(01dfd0b9bc5b2824d8d1c50bf0231b42) Importer(815301076,1909f56bfc062723c751e8b465ee728b)  -> (artifact id: 'eb8b54b429eff0e25e7e499cf0b2b550') in 0.013521 seconds 
  Import took 0.016467 seconds .

========================================================================
Received Import Request.
  Time since last request: 0.000145 seconds.
  path: Assets/New Material.mat
  artifactKey: Guid(2129ec3bee2465247ad422010184ae3e) Importer(815301076,1909f56bfc062723c751e8b465ee728b)
Start importing Assets/New Material.mat using Guid(2129ec3bee2465247ad422010184ae3e) Importer(815301076,1909f56bfc062723c751e8b465ee728b)  -> (artifact id: 'fea4c37086a4280fddba7acabb90f816') in 0.010663 seconds 
  Import took 0.014039 seconds .

========================================================================
Received Import Request.
  Time since last request: 0.000352 seconds.
  path: Assets/New Material 7.mat
  artifactKey: Guid(1f45131f237679a408987999d0062d4b) Importer(815301076,1909f56bfc062723c751e8b465ee728b)
Start importing Assets/New Material 7.mat using Guid(1f45131f237679a408987999d0062d4b) Importer(815301076,1909f56bfc062723c751e8b465ee728b)  -> (artifact id: '3851fc228ca80d5db699068a718fa4e3') in 0.010427 seconds 
  Import took 0.013558 seconds .

========================================================================
Received Import Request.
  Time since last request: 0.000178 seconds.
  path: Assets/New Material 8.mat
  artifactKey: Guid(5d2a386be6c54094aa7ef0aaa3f58b22) Importer(815301076,1909f56bfc062723c751e8b465ee728b)
Start importing Assets/New Material 8.mat using Guid(5d2a386be6c54094aa7ef0aaa3f58b22) Importer(815301076,1909f56bfc062723c751e8b465ee728b)  -> (artifact id: 'a69c72d216a42f09cbf418205c010a86') in 0.014973 seconds 
  Import took 0.019836 seconds .

========================================================================
Received Import Request.
  Time since last request: 0.000225 seconds.
  path: Assets/New Material 9.mat
  artifactKey: Guid(f3f4161819d7a314facb39bf46fe5354) Importer(815301076,1909f56bfc062723c751e8b465ee728b)
Start importing Assets/New Material 9.mat using Guid(f3f4161819d7a314facb39bf46fe5354) Importer(815301076,1909f56bfc062723c751e8b465ee728b)  -> (artifact id: '5a7de130e8a7c498f35eb72109eb7ece') in 0.013741 seconds 
  Import took 0.016602 seconds .

========================================================================
Received Import Request.
  Time since last request: 0.000203 seconds.
  path: Assets/New Material 2.mat
  artifactKey: Guid(d27c611eb5e66fc4fbdd105df8e96f63) Importer(815301076,1909f56bfc062723c751e8b465ee728b)
Start importing Assets/New Material 2.mat using Guid(d27c611eb5e66fc4fbdd105df8e96f63) Importer(815301076,1909f56bfc062723c751e8b465ee728b)  -> (artifact id: '093d52f75bd4c37997e6d02bfbcc8be9') in 0.010991 seconds 
  Import took 0.014063 seconds .

========================================================================
Received Import Request.
  Time since last request: 0.000178 seconds.
  path: Assets/New Material 5.mat
  artifactKey: Guid(413e8f7b9a0e7fd4fa090b52d2903e7a) Importer(815301076,1909f56bfc062723c751e8b465ee728b)
Start importing Assets/New Material 5.mat using Guid(413e8f7b9a0e7fd4fa090b52d2903e7a) Importer(815301076,1909f56bfc062723c751e8b465ee728b)  -> (artifact id: 'db20df1de4e8ddf3d7a5f2b0889940d2') in 0.013101 seconds 
  Import took 0.016798 seconds .

========================================================================
Received Import Request.
  Time since last request: 0.000130 seconds.
  path: Assets/New Material 4.mat
  artifactKey: Guid(35c8435978b1ebd48b52f9dfd289ab6f) Importer(815301076,1909f56bfc062723c751e8b465ee728b)
Start importing Assets/New Material 4.mat using Guid(35c8435978b1ebd48b52f9dfd289ab6f) Importer(815301076,1909f56bfc062723c751e8b465ee728b)  -> (artifact id: 'c66780517d33c6ef6146ee6d90a73cb7') in 0.013649 seconds 
  Import took 0.017295 seconds .

========================================================================
Received Import Request.
  Time since last request: 0.003894 seconds.
  path: Assets/New Material 4.mat
  artifactKey: Guid(35c8435978b1ebd48b52f9dfd289ab6f) Importer(815301076,1909f56bfc062723c751e8b465ee728b)
Start importing Assets/New Material 4.mat using Guid(35c8435978b1ebd48b52f9dfd289ab6f) Importer(815301076,1909f56bfc062723c751e8b465ee728b)  -> (artifact id: 'c66780517d33c6ef6146ee6d90a73cb7') in 0.014375 seconds 
  Import took 0.017614 seconds .

